<?xml version="1.0" encoding="UTF-8" ?>
<testsuites name="vitest tests" tests="4" failures="0" errors="0" time="0.001475458">
    <testsuite name="test/todo.test.ts" timestamp="2026-06-11T21:28:36.189Z" hostname="Marks-MacBook-Pro.local" tests="4" failures="0" errors="0" skipped="0" time="0.001475458">
        <testcase classname="test/todo.test.ts" name="story.todo.toggle &gt; [scenario.todo.toggle.complete] toggling an active todo completes it" time="0.000571792">
        </testcase>
        <testcase classname="test/todo.test.ts" name="story.todo.toggle &gt; [scenario.todo.toggle.reactivate] toggling a completed todo reactivates it" time="0.000068666">
        </testcase>
        <testcase classname="test/todo.test.ts" name="story.todo.toggle &gt; [scenario.todo.toggle.guard-empty] toggling an empty-label todo is rejected" time="0.00028775">
        </testcase>
        <testcase classname="test/todo.test.ts" name="story.todo.toggle &gt; [scenario.todo.toggle.complete-typo] dangling reference demo" time="0.000054209">
        </testcase>
    </testsuite>
</testsuites>
