<?xml version="1.0" encoding="UTF-8"?>
<testsuites>
  <testsuite name="TestResults" errors="0" tests="3" failures="1" skipped="0" time="0.000450834">
    <testcase classname="TodoTests" name="complete()" time="0.000162791" />
    <testcase classname="TodoTests" name="reactivate()" time="0.000163208" />
    <testcase classname="TodoTests" name="guardEmpty()" time="0.000264208" >
      <failure message="Expectation failed: an error was expected but none was thrown (error): // Expects a throw; the impl never throws (intentional bug) -&gt; this FAILS,&#10;// while a (deviates:) marker in Todo.swift claims it is intentional." />
    </testcase>
  </testsuite>
</testsuites>
